// 重构日志: 5c6893d6
// 同步 ID: 8a65f133 @ Wed Jun 24 04:53:14 UTC 2026
// 同步 ID: fa3f3da9 @ Wed Jun 24 16:11:39 UTC 2026
// 同步 ID: abedd48d @ Wed Jun 24 17:58:19 UTC 2026
// 同步 ID: 0ab90e8a @ Fri Jun 26 14:07:13 UTC 2026
// 重构日志: 042a5adf
// 重构日志: ff2d4565
// 重构日志: ba277167
// 重构日志: 290d7f77
// 重构日志: 1ad5e81d
// 同步 ID: 8647364c @ Sun Jun 28 16:49:05 UTC 2026
// 同步 ID: 92c3f46b @ Wed Jul  1 06:47:17 UTC 2026
// 重构日志: 31ef03dd
// 重构日志: e4e0b3c7
// 重构日志: 5220af98
// 重构日志: 883c4e8b
// 重构日志: 8a519339
// 重构日志: e34e559c
// 重构日志: c63d1073
// 重构日志: d72563f0
// 重构日志: fcd52b7e
// 同步 ID: 330961e6 @ Sun Jul  5 06:02:43 UTC 2026
// 重构日志: fccbb98e
// 重构日志: 596e9391
// 重构日志: 1906f35f
// 重构日志: 6ebd4193
// 重构日志: 173a2312
// 重构日志: b68130a3
// 重构日志: 83fee83d
// 同步 ID: 146b608a @ Wed Jul  8 03:50:21 UTC 2026
